            --------------------------------------------------------
                             AMBER SQM VERSION 1.4
 
                                     By
              Ross C. Walker, Michael F. Crowley, Scott Brozell,
                Tim Giese, Andreas W. Goetz and David A. Case
 
            --------------------------------------------------------
 

--------------------------------------------------------------------------------
  QM CALCULATION INFO
--------------------------------------------------------------------------------

| QMMM: Citation for AMBER QMMM Run:
| QMMM: R.C. Walker, M.F. Crowley and D.A. Case, J. COMP. CHEM. 29:1019, 2008

QMMM: SINGLET STATE CALCULATION
QMMM: RHF CALCULATION, NO. OF DOUBLY OCCUPIED LEVELS = 95

| QMMM: *** Selected Hamiltonian *** 
| QMMM: AM1         

| QMMM: *** Parameter sets in use ***
| QMMM: N : M.J.S.DEWAR et al. JACS, 107, 3902, (1985)
| QMMM: C : M.J.S.DEWAR et al. JACS, 107, 3902, (1985)
| QMMM: O : M.J.S.DEWAR et al. JACS, 107, 3902, (1985)
| QMMM: Cl: M.J.S.DEWAR et al. THEOCHEM, 180, 1, (1988)
| QMMM: H : M.J.S.DEWAR et al. JACS, 107, 3902, (1985)

| QMMM: *** SCF convergence criteria ***
| QMMM: Energy change                :  0.1D-09 kcal/mol
| QMMM: Error matrix |FP-PF|         :  0.1D+00 au
| QMMM: Density matrix change        :  0.1D-09
| QMMM: Maximum number of SCF cycles :     1000

| QMMM: *** Diagonalization Routine Information ***
| QMMM: Pseudo diagonalizations are allowed.
| QMMM: Auto diagonalization routine selection is disabled.
| QMMM: Using internal diagonalization routine (diag_routine=1).

  QMMM: QM Region Cartesian Coordinates (*=link atom) 
  QMMM: QM_NO.   MM_NO.  ATOM         X         Y         Z
  QMMM:     1        1      N      -10.0180    9.2440   12.5580
  QMMM:     2        2      C       -9.9880   10.3420   11.7910
  QMMM:     3        3      N       -8.9190   10.4050   11.0950
  QMMM:     4        4      C       -8.2310    9.2860   11.4360
  QMMM:     5        5      C       -8.8840    8.5540   12.3370
  QMMM:     6        6      C      -11.0530    8.9480   13.4330
  QMMM:     7        7      C      -11.0420   10.1450   14.2860
  QMMM:     8        8      O      -11.7490   11.2480   13.8660
  QMMM:     9        9      C      -11.5560   12.3200   14.9600
  QMMM:    10       10      C      -10.8740   11.5530   16.1330
  QMMM:    11       11      O      -10.5020   10.3140   15.5500
  QMMM:    12       12      C      -12.2390    9.3290   14.9650
  QMMM:    13       13      C      -12.0930    8.0860   15.6920
  QMMM:    14       14      C      -13.1780    7.4240   16.2640
  QMMM:    15       15      C      -14.4460    7.9810   16.1390
  QMMM:    16       16      C      -14.6440    9.1640   15.4490
  QMMM:    17       17      C      -13.5640    9.8130   14.8840
  QMMM:    18       18      Cl     -15.8140    7.1740   16.8540
  QMMM:    19       19      C      -12.9870   12.7680   15.1450
  QMMM:    20       20      O      -13.4170   12.6590   13.7890
  QMMM:    21       21      C      -14.7550   12.8020   13.4840
  QMMM:    22       22      C      -15.7290   12.9940   14.4270
  QMMM:    23       23      C      -17.0480   13.0420   13.9680
  QMMM:    24       24      C      -17.2850   12.8760   12.6230
  QMMM:    25       25      C      -16.2190   12.7280   11.7680
  QMMM:    26       26      C      -14.9170   12.6640   12.1980
  QMMM:    27       27      N      -18.6210   12.9090   12.1780
  QMMM:    28       28      C      -19.4610   13.9090   12.8100
  QMMM:    29       29      C      -20.8860   13.6960   12.4410
  QMMM:    30       30      N      -21.3860   12.5090   13.1100
  QMMM:    31       31      C      -20.3490   11.4760   13.3280
  QMMM:    32       32      C      -19.2860   11.5670   12.2520
  QMMM:    33       33      C      -22.6440   12.3120   13.4810
  QMMM:    34       34      O      -22.9800   11.2740   14.0020
  QMMM:    35       35      C      -23.6270   13.4070   13.2370
  QMMM:    36       36      Cl     -10.5450    7.2820   15.9310
  QMMM:    37       37      H      -10.7380   11.0510   11.7660
  QMMM:    38       38      H       -7.3110    9.0320   11.0440
  QMMM:    39       39      H       -8.5890    7.6630   12.7660
  QMMM:    40       40      H      -10.8590    8.0580   13.9930
  QMMM:    41       41      H      -11.9910    8.7520   12.9580
  QMMM:    42       42      H      -10.9420   13.1810   14.7990
  QMMM:    43       43      H      -11.5500   11.4110   16.9500
  QMMM:    44       44      H      -10.0410   12.0830   16.5450
  QMMM:    45       45      H      -13.0430    6.5360   16.7720
  QMMM:    46       46      H      -15.5930    9.5590   15.3570
  QMMM:    47       47      H      -13.7330   10.6960   14.3770
  QMMM:    48       48      H      -13.5340   12.1210   15.7980
  QMMM:    49       49      H      -13.1190   13.7280   15.5990
  QMMM:    50       50      H      -15.5000   13.0980   15.4280
  QMMM:    51       51      H      -17.8290   13.1990   14.6250
  QMMM:    52       52      H      -16.4060   12.6620   10.7550
  QMMM:    53       53      H      -14.1260   12.5180   11.5520
  QMMM:    54       54      H      -19.1480   14.8900   12.5180
  QMMM:    55       55      H      -19.3650   13.8160   13.8720
  QMMM:    56       56      H      -20.9830   13.5920   11.3800
  QMMM:    57       57      H      -21.4610   14.5440   12.7510
  QMMM:    58       58      H      -19.9060   11.5970   14.2940
  QMMM:    59       59      H      -20.8080   10.5110   13.2770
  QMMM:    60       60      H      -18.5470   10.8100   12.4140
  QMMM:    61       61      H      -19.7840   11.4200   11.3160
  QMMM:    62       62      H      -23.1330   14.2330   12.7700
  QMMM:    63       63      H      -24.0740   13.7150   14.1590
  QMMM:    64       64      H      -24.4000   13.0480   12.5900

--------------------------------------------------------------------------------
  RESULTS
--------------------------------------------------------------------------------

      iter         sqm energy              rms gradient
      ----    -------------------    -----------------------
xmin    10      -29.0942 kcal/mol        2.1097 kcal/(mol*A)
xmin    20      -31.8983 kcal/mol        0.1723 kcal/(mol*A)
xmin    30      -32.0201 kcal/mol        0.1373 kcal/(mol*A)
xmin    40      -32.0648 kcal/mol        0.1509 kcal/(mol*A)
xmin    50      -32.1840 kcal/mol        0.1259 kcal/(mol*A)
xmin    60      -32.3003 kcal/mol        0.1793 kcal/(mol*A)
xmin    70      -32.5062 kcal/mol        0.3551 kcal/(mol*A)
xmin    80      -32.7920 kcal/mol        0.0781 kcal/(mol*A)
xmin    90      -32.8685 kcal/mol        0.1511 kcal/(mol*A)
xmin   100      -32.9056 kcal/mol        0.0751 kcal/(mol*A)
xmin   110      -32.9277 kcal/mol        0.0261 kcal/(mol*A)
xmin   120      -32.9480 kcal/mol        0.0303 kcal/(mol*A)
xmin   130      -32.9688 kcal/mol        0.0978 kcal/(mol*A)
xmin   140      -32.9865 kcal/mol        0.0484 kcal/(mol*A)
xmin   150      -32.9941 kcal/mol        0.0160 kcal/(mol*A)
xmin   160      -32.9983 kcal/mol        0.0108 kcal/(mol*A)
xmin   170      -33.0029 kcal/mol        0.0041 kcal/(mol*A)
xmin   180      -33.0037 kcal/mol        0.0023 kcal/(mol*A)
xmin   190      -33.0037 kcal/mol        0.0005 kcal/(mol*A)
  ... geometry converged !

 Heat of formation   =        -33.00370259 kcal/mol  (       -1.43114794 eV)
 Total SCF energy    =    -151477.15845194 kcal/mol  (    -6568.54249390 eV)
 Electronic energy   =   -1289753.50211497 kcal/mol  (   -55927.90868197 eV)
 Core-core repulsion =    1138276.34366303 kcal/mol  (    49359.36618807 eV)
 
    Atomic Charges for Step       1 :
  Atom    Element       Mulliken Charge
     1      N                 -0.159
     2      C                 -0.093
     3      N                 -0.146
     4      C                 -0.182
     5      C                 -0.155
     6      C                 -0.020
     7      C                  0.233
     8      O                 -0.294
     9      C                 -0.022
    10      C                 -0.034
    11      O                 -0.274
    12      C                 -0.114
    13      C                 -0.027
    14      C                 -0.132
    15      C                 -0.044
    16      C                 -0.132
    17      C                 -0.093
    18      Cl                 0.001
    19      C                 -0.036
    20      O                 -0.219
    21      C                  0.010
    22      C                 -0.125
    23      C                 -0.163
    24      C                  0.046
    25      C                 -0.145
    26      C                 -0.113
    27      N                 -0.231
    28      C                 -0.070
    29      C                 -0.034
    30      N                 -0.340
    31      C                 -0.053
    32      C                 -0.067
    33      C                  0.304
    34      O                 -0.366
    35      C                 -0.236
    36      Cl                 0.010
    37      H                  0.202
    38      H                  0.177
    39      H                  0.179
    40      H                  0.127
    41      H                  0.116
    42      H                  0.135
    43      H                  0.104
    44      H                  0.116
    45      H                  0.165
    46      H                  0.155
    47      H                  0.160
    48      H                  0.098
    49      H                  0.116
    50      H                  0.141
    51      H                  0.138
    52      H                  0.142
    53      H                  0.146
    54      H                  0.097
    55      H                  0.091
    56      H                  0.086
    57      H                  0.097
    58      H                  0.101
    59      H                  0.096
    60      H                  0.110
    61      H                  0.100
    62      H                  0.099
    63      H                  0.100
    64      H                  0.119
 Total Mulliken Charge =      -0.000
 
 Final Structure

  QMMM: QM Region Cartesian Coordinates (*=link atom) 
  QMMM: QM_NO.   MM_NO.  ATOM         X         Y         Z
  QMMM:     1        1      N      -10.6971    9.3626   12.3355
  QMMM:     2        2      C      -11.7573    9.6311   11.4507
  QMMM:     3        3      N      -11.3454   10.3724   10.4032
  QMMM:     4        4      C       -9.9842   10.6050   10.6109
  QMMM:     5        5      C       -9.5654    9.9941   11.8053
  QMMM:     6        6      C      -10.7666    8.6226   13.5518
  QMMM:     7        7      C      -11.3655    9.3861   14.7714
  QMMM:     8        8      O      -12.6893    9.8094   14.4344
  QMMM:     9        9      C      -12.8715   11.2077   14.7098
  QMMM:    10       10      C      -11.4864   11.7111   15.1134
  QMMM:    11       11      O      -10.6223   10.5726   15.0248
  QMMM:    12       12      C      -11.3872    8.4612   15.9715
  QMMM:    13       13      C      -10.2361    8.0965   16.6856
  QMMM:    14       14      C      -10.3226    7.2270   17.7816
  QMMM:    15       15      C      -11.5623    6.7106   18.1599
  QMMM:    16       16      C      -12.7177    7.0554   17.4512
  QMMM:    17       17      C      -12.6198    7.9236   16.3695
  QMMM:    18       18      Cl     -11.6651    5.6568   19.4863
  QMMM:    19       19      C      -13.9413   11.3664   15.7901
  QMMM:    20       20      O      -14.6508   12.5916   15.6114
  QMMM:    21       21      C      -15.6358   12.5467   14.6294
  QMMM:    22       22      C      -16.8012   11.7962   14.8120
  QMMM:    23       23      C      -17.8200   11.8615   13.8678
  QMMM:    24       24      C      -17.6883   12.6651   12.7142
  QMMM:    25       25      C      -16.5030   13.4265   12.5592
  QMMM:    26       26      C      -15.4859   13.3640   13.5020
  QMMM:    27       27      N      -18.6481   12.6936   11.6698
  QMMM:    28       28      C      -19.0611   14.0273   11.2528
  QMMM:    29       29      C      -20.5915   14.2285   11.1303
  QMMM:    30       30      N      -21.3581   13.5777   12.1574
  QMMM:    31       31      C      -20.9988   12.2100   12.4663
  QMMM:    32       32      C      -19.7388   11.7430   11.7086
  QMMM:    33       33      C      -22.2974   14.2202   12.9528
  QMMM:    34       34      O      -22.8522   13.5860   13.8734
  QMMM:    35       35      C      -22.6574   15.6574   12.6762
  QMMM:    36       36      Cl      -8.6841    8.6588   16.2791
  QMMM:    37       37      H      -12.7745    9.2705   11.6351
  QMMM:    38       38      H       -9.3921   11.1826    9.9032
  QMMM:    39       39      H       -8.5971    9.9620   12.2994
  QMMM:    40       40      H       -9.7274    8.2969   13.8398
  QMMM:    41       41      H      -11.4186    7.7173   13.3897
  QMMM:    42       42      H      -13.2280   11.6708   13.7482
  QMMM:    43       43      H      -11.4447   12.0914   16.1650
  QMMM:    44       44      H      -11.0793   12.4748   14.4039
  QMMM:    45       45      H       -9.4129    6.9533   18.3403
  QMMM:    46       46      H      -13.6962    6.6458   17.7450
  QMMM:    47       47      H      -13.5309    8.2014   15.8117
  QMMM:    48       48      H      -14.6376   10.4877   15.7677
  QMMM:    49       49      H      -13.4879   11.4709   16.8120
  QMMM:    50       50      H      -16.9168   11.1684   15.7077
  QMMM:    51       51      H      -18.7380   11.2816   14.0492
  QMMM:    52       52      H      -16.3722   14.0673   11.6730
  QMMM:    53       53      H      -14.5689   13.9580   13.3752
  QMMM:    54       54      H      -18.6152   14.2073   10.2330
  QMMM:    55       55      H      -18.6498   14.8093   11.9522
  QMMM:    56       56      H      -20.9235   13.8200   10.1307
  QMMM:    57       57      H      -20.7854   15.3365   11.1308
  QMMM:    58       58      H      -20.8386   12.1163   13.5791
  QMMM:    59       59      H      -21.8576   11.5341   12.1910
  QMMM:    60       60      H      -19.3951   10.7691   12.1513
  QMMM:    61       61      H      -20.0167   11.5478   10.6316
  QMMM:    62       62      H      -22.9858   15.7910   11.6177
  QMMM:    63       63      H      -21.7850   16.3236   12.8813
  QMMM:    64       64      H      -23.4978   15.9461   13.3548

           --------- Calculation Completed ----------

